This file contains any messages produced by compilers while
running configure, to aid debugging if configure makes a mistake.

It was created by Web2C Tools configure 7.5.7, which was
generated by GNU Autoconf 2.69.  Invocation command line was

  $ ../../../../src/texk/web2c/web2c/configure --disable-option-checking --prefix=/usr/local --without-x --disable-shared CC=/spin/WikiCite/bibtex.js/emscripten/emcc CFLAGS= CXX=/spin/WikiCite/bibtex.js/emscripten/em++ --cache-file=/dev/null --srcdir=../../../../src/texk/web2c/web2c

## --------- ##
## Platform. ##
## --------- ##

hostname = chunk
uname -m = x86_64
uname -r = 3.2.0-36-generic
uname -s = Linux
uname -v = #57-Ubuntu SMP Tue Jan 8 21:44:52 UTC 2013

/usr/bin/uname -p = unknown
/bin/uname -X     = unknown

/bin/arch              = unknown
/usr/bin/arch -k       = unknown
/usr/convex/getsysinfo = unknown
/usr/bin/hostinfo      = unknown
/bin/machine           = unknown
/usr/bin/oslevel       = unknown
/bin/universe          = unknown

PATH: /bin
PATH: /usr/local/bin
PATH: /usr/bin
PATH: /spin/WikiCite/bibtex.js/emscripten


## ----------- ##
## Core tests. ##
## ----------- ##

configure:2569: checking for a BSD-compatible install
configure:2637: result: /usr/bin/install -c
configure:2648: checking whether build environment is sane
configure:2703: result: yes
configure:2854: checking for a thread-safe mkdir -p
configure:2893: result: /bin/mkdir -p
configure:2906: checking for gawk
configure:2936: result: no
configure:2906: checking for mawk
configure:2922: found /usr/bin/mawk
configure:2933: result: mawk
configure:2944: checking whether make sets $(MAKE)
configure:2966: result: yes
configure:3013: checking build system type
configure:3027: result: x86_64-unknown-linux-gnu
configure:3047: checking host system type
configure:3060: result: x86_64-unknown-linux-gnu
configure:3101: checking how to print strings
configure:3128: result: printf
configure:3161: checking for style of include used by make
configure:3189: result: GNU
configure:3260: checking for gcc
configure:3287: result: /spin/WikiCite/bibtex.js/emscripten/emcc
configure:3516: checking for C compiler version
configure:3525: /spin/WikiCite/bibtex.js/emscripten/emcc --version >&5
emcc (Emscripten GCC-like replacement) 2.0
Copyright (C) 2012 the Emscripten authors.
This is free and open source software under the MIT license.
There is NO warranty; not even for MERCHANTABILITY or FITNESS FOR A PARTICULAR PURPOSE.
  
configure:3536: $? = 0
configure:3525: /spin/WikiCite/bibtex.js/emscripten/emcc -v >&5
emcc (Emscripten GCC-like replacement + linker emulating GNU ld ) 2.0
clang version 3.2 (tags/RELEASE_32/final)
Target: i386-pc-linux-gnu
Thread model: posix
configure:3536: $? = 0
configure:3525: /spin/WikiCite/bibtex.js/emscripten/emcc -V >&5
clang: error: unsupported option '-V -nostdinc'
clang: error: no input files
configure:3536: $? = 1
configure:3525: /spin/WikiCite/bibtex.js/emscripten/emcc -qversion >&5
clang: error: no input files
configure:3536: $? = 1
configure:3556: checking whether the C compiler works
configure:3578: /spin/WikiCite/bibtex.js/emscripten/emcc    conftest.c  >&5
configure:3582: $? = 0
configure:3630: result: yes
configure:3633: checking for C compiler default output file name
configure:3635: result: a.out
configure:3641: checking for suffix of executables
configure:3648: /spin/WikiCite/bibtex.js/emscripten/emcc -o conftest    conftest.c  >&5
configure:3652: $? = 0
configure:3674: result: 
configure:3696: checking whether we are cross compiling
configure:3704: /spin/WikiCite/bibtex.js/emscripten/emcc -o conftest    conftest.c  >&5
configure:3708: $? = 0
configure:3715: ./conftest
configure:3719: $? = 0
configure:3734: result: no
configure:3739: checking for suffix of object files
configure:3761: /spin/WikiCite/bibtex.js/emscripten/emcc -c   conftest.c >&5
configure:3765: $? = 0
configure:3786: result: o
configure:3790: checking whether we are using the GNU C compiler
configure:3809: /spin/WikiCite/bibtex.js/emscripten/emcc -c   conftest.c >&5
configure:3809: $? = 0
configure:3818: result: yes
configure:3827: checking whether /spin/WikiCite/bibtex.js/emscripten/emcc accepts -g
configure:3847: /spin/WikiCite/bibtex.js/emscripten/emcc -c -g  conftest.c >&5
configure:3847: $? = 0
configure:3888: result: yes
configure:3905: checking for /spin/WikiCite/bibtex.js/emscripten/emcc option to accept ISO C89
configure:3968: /spin/WikiCite/bibtex.js/emscripten/emcc  -c   conftest.c >&5
configure:3968: $? = 0
configure:3981: result: none needed
configure:4003: checking dependency style of /spin/WikiCite/bibtex.js/emscripten/emcc
configure:4114: result: gcc3
configure:4129: checking for a sed that does not truncate output
configure:4193: result: /bin/sed
configure:4211: checking for grep that handles long lines and -e
configure:4269: result: /bin/grep
configure:4274: checking for egrep
configure:4336: result: /bin/grep -E
configure:4341: checking for fgrep
configure:4403: result: /bin/grep -F
configure:4438: checking for ld used by /spin/WikiCite/bibtex.js/emscripten/emcc
configure:4505: result: /spin/WikiCite/bibtex.js/emscripten/emcc -m elf_i386
configure:4512: checking if the linker (/spin/WikiCite/bibtex.js/emscripten/emcc -m elf_i386) is GNU ld
configure:4527: result: no
configure:4539: checking for BSD- or MS-compatible name lister (nm)
configure:4588: result: /usr/bin/nm -B
configure:4718: checking the name lister (/usr/bin/nm -B) interface
configure:4725: /spin/WikiCite/bibtex.js/emscripten/emcc -c   conftest.c >&5
configure:4728: /usr/bin/nm -B "conftest.o"
configure:4731: output
00000000 B some_variable
configure:4738: result: BSD nm
configure:4741: checking whether ln -s works
configure:4745: result: yes
configure:4753: checking the maximum length of command line arguments
configure:4883: result: 1635000
configure:4900: checking whether the shell understands some XSI constructs
configure:4910: result: yes
configure:4914: checking whether the shell understands "+="
configure:4920: result: yes
configure:4955: checking how to convert x86_64-unknown-linux-gnu file names to x86_64-unknown-linux-gnu format
configure:4995: result: func_convert_file_noop
configure:5002: checking how to convert x86_64-unknown-linux-gnu file names to toolchain format
configure:5022: result: func_convert_file_noop
configure:5029: checking for /spin/WikiCite/bibtex.js/emscripten/emcc -m elf_i386 option to reload object files
configure:5036: result: -r
configure:5110: checking for objdump
configure:5126: found /usr/bin/objdump
configure:5137: result: objdump
configure:5166: checking how to recognize dependent libraries
configure:5368: result: pass_all
configure:5453: checking for dlltool
configure:5483: result: no
configure:5510: checking how to associate runtime and link libraries
configure:5537: result: printf %s\n
configure:5662: checking for archiver @FILE support
configure:5679: /spin/WikiCite/bibtex.js/emscripten/emcc -c   conftest.c >&5
configure:5679: $? = 0
configure:5682: /spin/WikiCite/bibtex.js/emscripten/emar cru libconftest.a @conftest.lst >&5
configure:5685: $? = 0
configure:5690: /spin/WikiCite/bibtex.js/emscripten/emar cru libconftest.a @conftest.lst >&5
/spin/WikiCite/llvm-3.2.src/Release+Asserts/bin/llvm-ar: File does not exist: conftest.o

configure:5693: $? = 0
configure:5705: result: no
configure:5763: checking for strip
configure:5779: found /usr/bin/strip
configure:5790: result: strip
configure:5862: checking for ranlib
configure:5889: result: /spin/WikiCite/bibtex.js/emscripten/emranlib
configure:5991: checking command to parse /usr/bin/nm -B output from /spin/WikiCite/bibtex.js/emscripten/emcc object
configure:6111: /spin/WikiCite/bibtex.js/emscripten/emcc -c   conftest.c >&5
configure:6114: $? = 0
configure:6118: /usr/bin/nm -B conftest.o \| sed -n -e 's/^.*[ ]\([ABCDGIRSTW][ABCDGIRSTW]*\)[ ][ ]*\([_A-Za-z][_A-Za-z0-9]*\)$/\1 \2 \2/p' | sed '/ __gnu_lto/d' \> conftest.nm
configure:6121: $? = 0
configure:6187: /spin/WikiCite/bibtex.js/emscripten/emcc -o conftest    conftest.c conftstm.o >&5
configure:6190: $? = 0
configure:6228: result: ok
configure:6265: checking for sysroot
configure:6295: result: no
configure:6372: /spin/WikiCite/bibtex.js/emscripten/emcc -c   conftest.c >&5
configure:6375: $? = 0
configure:6551: checking for mt
configure:6567: found /bin/mt
configure:6578: result: mt
configure:6601: checking if mt is a manifest tool
configure:6607: mt '-?'
configure:6615: result: no
configure:7257: checking how to run the C preprocessor
configure:7288: /spin/WikiCite/bibtex.js/emscripten/emcc -E  conftest.c
configure:7288: $? = 0
configure:7302: /spin/WikiCite/bibtex.js/emscripten/emcc -E  conftest.c
conftest.c:9:10: fatal error: 'ac_nonexistent.h' file not found
#include <ac_nonexistent.h>
         ^
1 error generated.
configure:7302: $? = 1
configure: failed program was:
| /* confdefs.h */
| #define PACKAGE_NAME "Web2C Tools"
| #define PACKAGE_TARNAME "web2c-tools"
| #define PACKAGE_VERSION "7.5.7"
| #define PACKAGE_STRING "Web2C Tools 7.5.7"
| #define PACKAGE_BUGREPORT "tex-k@tug.org"
| #define PACKAGE_URL ""
| /* end confdefs.h.  */
| #include <ac_nonexistent.h>
configure:7327: result: /spin/WikiCite/bibtex.js/emscripten/emcc -E
configure:7347: /spin/WikiCite/bibtex.js/emscripten/emcc -E  conftest.c
configure:7347: $? = 0
configure:7361: /spin/WikiCite/bibtex.js/emscripten/emcc -E  conftest.c
conftest.c:9:10: fatal error: 'ac_nonexistent.h' file not found
#include <ac_nonexistent.h>
         ^
1 error generated.
configure:7361: $? = 1
configure: failed program was:
| /* confdefs.h */
| #define PACKAGE_NAME "Web2C Tools"
| #define PACKAGE_TARNAME "web2c-tools"
| #define PACKAGE_VERSION "7.5.7"
| #define PACKAGE_STRING "Web2C Tools 7.5.7"
| #define PACKAGE_BUGREPORT "tex-k@tug.org"
| #define PACKAGE_URL ""
| /* end confdefs.h.  */
| #include <ac_nonexistent.h>
configure:7390: checking for ANSI C header files
configure:7410: /spin/WikiCite/bibtex.js/emscripten/emcc -c   conftest.c >&5
configure:7410: $? = 0
configure:7483: /spin/WikiCite/bibtex.js/emscripten/emcc -o conftest    conftest.c  >&5
configure:7483: $? = 0
configure:7483: ./conftest
configure:7483: $? = 0
configure:7494: result: yes
configure:7507: checking for sys/types.h
configure:7507: /spin/WikiCite/bibtex.js/emscripten/emcc -c   conftest.c >&5
configure:7507: $? = 0
configure:7507: result: yes
configure:7507: checking for sys/stat.h
configure:7507: /spin/WikiCite/bibtex.js/emscripten/emcc -c   conftest.c >&5
configure:7507: $? = 0
configure:7507: result: yes
configure:7507: checking for stdlib.h
configure:7507: /spin/WikiCite/bibtex.js/emscripten/emcc -c   conftest.c >&5
configure:7507: $? = 0
configure:7507: result: yes
configure:7507: checking for string.h
configure:7507: /spin/WikiCite/bibtex.js/emscripten/emcc -c   conftest.c >&5
configure:7507: $? = 0
configure:7507: result: yes
configure:7507: checking for memory.h
configure:7507: /spin/WikiCite/bibtex.js/emscripten/emcc -c   conftest.c >&5
configure:7507: $? = 0
configure:7507: result: yes
configure:7507: checking for strings.h
configure:7507: /spin/WikiCite/bibtex.js/emscripten/emcc -c   conftest.c >&5
configure:7507: $? = 0
configure:7507: result: yes
configure:7507: checking for inttypes.h
configure:7507: /spin/WikiCite/bibtex.js/emscripten/emcc -c   conftest.c >&5
configure:7507: $? = 0
configure:7507: result: yes
configure:7507: checking for stdint.h
configure:7507: /spin/WikiCite/bibtex.js/emscripten/emcc -c   conftest.c >&5
configure:7507: $? = 0
configure:7507: result: yes
configure:7507: checking for unistd.h
configure:7507: /spin/WikiCite/bibtex.js/emscripten/emcc -c   conftest.c >&5
configure:7507: $? = 0
configure:7507: result: yes
configure:7521: checking for dlfcn.h
configure:7521: /spin/WikiCite/bibtex.js/emscripten/emcc -c   conftest.c >&5
configure:7521: $? = 0
configure:7521: result: yes
configure:7611: checking whether to enable maintainer-specific portions of Makefiles
configure:7620: result: no
configure:8127: checking for objdir
configure:8142: result: .libs
configure:8413: checking if /spin/WikiCite/bibtex.js/emscripten/emcc supports -fno-rtti -fno-exceptions
configure:8431: /spin/WikiCite/bibtex.js/emscripten/emcc -c   -fno-rtti -fno-exceptions conftest.c >&5
configure:8435: $? = 0
configure:8448: result: yes
configure:8775: checking for /spin/WikiCite/bibtex.js/emscripten/emcc option to produce PIC
configure:8782: result: -fPIC -DPIC
configure:8790: checking if /spin/WikiCite/bibtex.js/emscripten/emcc PIC flag -fPIC -DPIC works
configure:8808: /spin/WikiCite/bibtex.js/emscripten/emcc -c   -fPIC -DPIC -DPIC conftest.c >&5
configure:8812: $? = 0
configure:8825: result: yes
configure:8854: checking if /spin/WikiCite/bibtex.js/emscripten/emcc static flag -static works
configure:8882: result: yes
configure:8897: checking if /spin/WikiCite/bibtex.js/emscripten/emcc supports -c -o file.o
configure:8918: /spin/WikiCite/bibtex.js/emscripten/emcc -c   -o out/conftest2.o conftest.c >&5
configure:8922: $? = 0
configure:8944: result: yes
configure:8952: checking if /spin/WikiCite/bibtex.js/emscripten/emcc supports -c -o file.o
configure:8999: result: yes
configure:9032: checking whether the /spin/WikiCite/bibtex.js/emscripten/emcc linker (/spin/WikiCite/bibtex.js/emscripten/emcc -m elf_i386 -m elf_i386) supports shared libraries
configure:10185: result: no
configure:10425: checking dynamic linker characteristics
configure:10936: /spin/WikiCite/bibtex.js/emscripten/emcc -o conftest     conftest.c  >&5
configure:10936: $? = 0
configure:11158: result: GNU/Linux ld.so
configure:11265: checking how to hardcode library paths into programs
configure:11290: result: unsupported
configure:11830: checking whether stripping libraries is possible
configure:11835: result: yes
configure:11870: checking if libtool supports shared libraries
configure:11872: result: no
configure:11875: checking whether to build shared libraries
configure:11896: result: no
configure:11899: checking whether to build static libraries
configure:11903: result: yes
configure:11947: checking for special C compiler options needed for large files
configure:11992: result: no
configure:11998: checking for _FILE_OFFSET_BITS value needed for large files
configure:12023: /spin/WikiCite/bibtex.js/emscripten/emcc -c   conftest.c >&5
conftest.c:29:22: error: 'off_t_is_large' declared as an array with a negative size
  int off_t_is_large[(LARGE_OFF_T % 2147483629 == 721
                     ^~~~~~~~~~~~~~~~~~~~~~~~~~~~~~~~
1 error generated.
configure:12023: $? = 1
configure: failed program was:
| /* confdefs.h */
| #define PACKAGE_NAME "Web2C Tools"
| #define PACKAGE_TARNAME "web2c-tools"
| #define PACKAGE_VERSION "7.5.7"
| #define PACKAGE_STRING "Web2C Tools 7.5.7"
| #define PACKAGE_BUGREPORT "tex-k@tug.org"
| #define PACKAGE_URL ""
| #define STDC_HEADERS 1
| #define HAVE_SYS_TYPES_H 1
| #define HAVE_SYS_STAT_H 1
| #define HAVE_STDLIB_H 1
| #define HAVE_STRING_H 1
| #define HAVE_MEMORY_H 1
| #define HAVE_STRINGS_H 1
| #define HAVE_INTTYPES_H 1
| #define HAVE_STDINT_H 1
| #define HAVE_UNISTD_H 1
| #define HAVE_DLFCN_H 1
| #define PACKAGE "web2c-tools"
| #define VERSION "7.5.7"
| #define LT_OBJDIR ".libs/"
| /* end confdefs.h.  */
| #include <sys/types.h>
|  /* Check that off_t can represent 2**63 - 1 correctly.
|     We can't simply define LARGE_OFF_T to be 9223372036854775807,
|     since some C++ compilers masquerading as C compilers
|     incorrectly reject 9223372036854775807.  */
| #define LARGE_OFF_T (((off_t) 1 << 62) - 1 + ((off_t) 1 << 62))
|   int off_t_is_large[(LARGE_OFF_T % 2147483629 == 721
| 		       && LARGE_OFF_T % 2147483647 == 1)
| 		      ? 1 : -1];
| int
| main ()
| {
| 
|   ;
|   return 0;
| }
configure:12047: /spin/WikiCite/bibtex.js/emscripten/emcc -c   conftest.c >&5
conftest.c:30:22: error: 'off_t_is_large' declared as an array with a negative size
  int off_t_is_large[(LARGE_OFF_T % 2147483629 == 721
                     ^~~~~~~~~~~~~~~~~~~~~~~~~~~~~~~~
1 error generated.
configure:12047: $? = 1
configure: failed program was:
| /* confdefs.h */
| #define PACKAGE_NAME "Web2C Tools"
| #define PACKAGE_TARNAME "web2c-tools"
| #define PACKAGE_VERSION "7.5.7"
| #define PACKAGE_STRING "Web2C Tools 7.5.7"
| #define PACKAGE_BUGREPORT "tex-k@tug.org"
| #define PACKAGE_URL ""
| #define STDC_HEADERS 1
| #define HAVE_SYS_TYPES_H 1
| #define HAVE_SYS_STAT_H 1
| #define HAVE_STDLIB_H 1
| #define HAVE_STRING_H 1
| #define HAVE_MEMORY_H 1
| #define HAVE_STRINGS_H 1
| #define HAVE_INTTYPES_H 1
| #define HAVE_STDINT_H 1
| #define HAVE_UNISTD_H 1
| #define HAVE_DLFCN_H 1
| #define PACKAGE "web2c-tools"
| #define VERSION "7.5.7"
| #define LT_OBJDIR ".libs/"
| /* end confdefs.h.  */
| #define _FILE_OFFSET_BITS 64
| #include <sys/types.h>
|  /* Check that off_t can represent 2**63 - 1 correctly.
|     We can't simply define LARGE_OFF_T to be 9223372036854775807,
|     since some C++ compilers masquerading as C compilers
|     incorrectly reject 9223372036854775807.  */
| #define LARGE_OFF_T (((off_t) 1 << 62) - 1 + ((off_t) 1 << 62))
|   int off_t_is_large[(LARGE_OFF_T % 2147483629 == 721
| 		       && LARGE_OFF_T % 2147483647 == 1)
| 		      ? 1 : -1];
| int
| main ()
| {
| 
|   ;
|   return 0;
| }
configure:12055: result: unknown
configure:12067: checking for _LARGE_FILES value needed for large files
configure:12092: /spin/WikiCite/bibtex.js/emscripten/emcc -c   conftest.c >&5
conftest.c:29:22: error: 'off_t_is_large' declared as an array with a negative size
  int off_t_is_large[(LARGE_OFF_T % 2147483629 == 721
                     ^~~~~~~~~~~~~~~~~~~~~~~~~~~~~~~~
1 error generated.
configure:12092: $? = 1
configure: failed program was:
| /* confdefs.h */
| #define PACKAGE_NAME "Web2C Tools"
| #define PACKAGE_TARNAME "web2c-tools"
| #define PACKAGE_VERSION "7.5.7"
| #define PACKAGE_STRING "Web2C Tools 7.5.7"
| #define PACKAGE_BUGREPORT "tex-k@tug.org"
| #define PACKAGE_URL ""
| #define STDC_HEADERS 1
| #define HAVE_SYS_TYPES_H 1
| #define HAVE_SYS_STAT_H 1
| #define HAVE_STDLIB_H 1
| #define HAVE_STRING_H 1
| #define HAVE_MEMORY_H 1
| #define HAVE_STRINGS_H 1
| #define HAVE_INTTYPES_H 1
| #define HAVE_STDINT_H 1
| #define HAVE_UNISTD_H 1
| #define HAVE_DLFCN_H 1
| #define PACKAGE "web2c-tools"
| #define VERSION "7.5.7"
| #define LT_OBJDIR ".libs/"
| /* end confdefs.h.  */
| #include <sys/types.h>
|  /* Check that off_t can represent 2**63 - 1 correctly.
|     We can't simply define LARGE_OFF_T to be 9223372036854775807,
|     since some C++ compilers masquerading as C compilers
|     incorrectly reject 9223372036854775807.  */
| #define LARGE_OFF_T (((off_t) 1 << 62) - 1 + ((off_t) 1 << 62))
|   int off_t_is_large[(LARGE_OFF_T % 2147483629 == 721
| 		       && LARGE_OFF_T % 2147483647 == 1)
| 		      ? 1 : -1];
| int
| main ()
| {
| 
|   ;
|   return 0;
| }
configure:12116: /spin/WikiCite/bibtex.js/emscripten/emcc -c   conftest.c >&5
conftest.c:30:22: error: 'off_t_is_large' declared as an array with a negative size
  int off_t_is_large[(LARGE_OFF_T % 2147483629 == 721
                     ^~~~~~~~~~~~~~~~~~~~~~~~~~~~~~~~
1 error generated.
configure:12116: $? = 1
configure: failed program was:
| /* confdefs.h */
| #define PACKAGE_NAME "Web2C Tools"
| #define PACKAGE_TARNAME "web2c-tools"
| #define PACKAGE_VERSION "7.5.7"
| #define PACKAGE_STRING "Web2C Tools 7.5.7"
| #define PACKAGE_BUGREPORT "tex-k@tug.org"
| #define PACKAGE_URL ""
| #define STDC_HEADERS 1
| #define HAVE_SYS_TYPES_H 1
| #define HAVE_SYS_STAT_H 1
| #define HAVE_STDLIB_H 1
| #define HAVE_STRING_H 1
| #define HAVE_MEMORY_H 1
| #define HAVE_STRINGS_H 1
| #define HAVE_INTTYPES_H 1
| #define HAVE_STDINT_H 1
| #define HAVE_UNISTD_H 1
| #define HAVE_DLFCN_H 1
| #define PACKAGE "web2c-tools"
| #define VERSION "7.5.7"
| #define LT_OBJDIR ".libs/"
| /* end confdefs.h.  */
| #define _LARGE_FILES 1
| #include <sys/types.h>
|  /* Check that off_t can represent 2**63 - 1 correctly.
|     We can't simply define LARGE_OFF_T to be 9223372036854775807,
|     since some C++ compilers masquerading as C compilers
|     incorrectly reject 9223372036854775807.  */
| #define LARGE_OFF_T (((off_t) 1 << 62) - 1 + ((off_t) 1 << 62))
|   int off_t_is_large[(LARGE_OFF_T % 2147483629 == 721
| 		       && LARGE_OFF_T % 2147483647 == 1)
| 		      ? 1 : -1];
| int
| main ()
| {
| 
|   ;
|   return 0;
| }
configure:12124: result: unknown
configure:12140: checking for _LARGEFILE_SOURCE value needed for large files
configure:12159: /spin/WikiCite/bibtex.js/emscripten/emcc -o conftest    conftest.c  >&5
configure:12159: $? = 0
configure:12187: result: no
configure:12211: checking for dirent.h that defines DIR
configure:12230: /spin/WikiCite/bibtex.js/emscripten/emcc -c   conftest.c >&5
configure:12230: $? = 0
configure:12238: result: yes
configure:12251: checking for library containing opendir
configure:12282: /spin/WikiCite/bibtex.js/emscripten/emcc -o conftest    conftest.c  >&5
configure:12282: $? = 0
configure:12299: result: none required
configure:12366: checking for ANSI C header files
configure:12470: result: yes
configure:12478: checking whether closedir returns void
configure:12502: /spin/WikiCite/bibtex.js/emscripten/emcc -o conftest    conftest.c  >&5
configure:12502: $? = 0
configure:12502: ./conftest
configure:12502: $? = 0
configure:12512: result: no
configure:12524: checking assert.h usability
configure:12524: /spin/WikiCite/bibtex.js/emscripten/emcc -c   conftest.c >&5
configure:12524: $? = 0
configure:12524: result: yes
configure:12524: checking assert.h presence
configure:12524: /spin/WikiCite/bibtex.js/emscripten/emcc -E  conftest.c
configure:12524: $? = 0
configure:12524: result: yes
configure:12524: checking for assert.h
configure:12524: result: yes
configure:12524: checking float.h usability
configure:12524: /spin/WikiCite/bibtex.js/emscripten/emcc -c   conftest.c >&5
configure:12524: $? = 0
configure:12524: result: yes
configure:12524: checking float.h presence
configure:12524: /spin/WikiCite/bibtex.js/emscripten/emcc -E  conftest.c
configure:12524: $? = 0
configure:12524: result: yes
configure:12524: checking for float.h
configure:12524: result: yes
configure:12524: checking limits.h usability
configure:12524: /spin/WikiCite/bibtex.js/emscripten/emcc -c   conftest.c >&5
configure:12524: $? = 0
configure:12524: result: yes
configure:12524: checking limits.h presence
configure:12524: /spin/WikiCite/bibtex.js/emscripten/emcc -E  conftest.c
configure:12524: $? = 0
configure:12524: result: yes
configure:12524: checking for limits.h
configure:12524: result: yes
configure:12524: checking for memory.h
configure:12524: result: yes
configure:12524: checking pwd.h usability
configure:12524: /spin/WikiCite/bibtex.js/emscripten/emcc -c   conftest.c >&5
configure:12524: $? = 0
configure:12524: result: yes
configure:12524: checking pwd.h presence
configure:12524: /spin/WikiCite/bibtex.js/emscripten/emcc -E  conftest.c
configure:12524: $? = 0
configure:12524: result: yes
configure:12524: checking for pwd.h
configure:12524: result: yes
configure:12524: checking for stdlib.h
configure:12524: result: yes
configure:12524: checking for string.h
configure:12524: result: yes
configure:12524: checking for strings.h
configure:12524: result: yes
configure:12524: checking sys/param.h usability
configure:12524: /spin/WikiCite/bibtex.js/emscripten/emcc -c   conftest.c >&5
configure:12524: $? = 0
configure:12524: result: yes
configure:12524: checking sys/param.h presence
configure:12524: /spin/WikiCite/bibtex.js/emscripten/emcc -E  conftest.c
configure:12524: $? = 0
configure:12524: result: yes
configure:12524: checking for sys/param.h
configure:12524: result: yes
configure:12524: checking for unistd.h
configure:12524: result: yes
configure:12537: checking for putenv
configure:12537: /spin/WikiCite/bibtex.js/emscripten/emcc -o conftest    conftest.c  >&5
configure:12537: $? = 0
configure:12537: result: yes
configure:12537: checking for strcasecmp
configure:12537: /spin/WikiCite/bibtex.js/emscripten/emcc -o conftest    conftest.c  >&5
conftest.c:60:6: warning: incompatible redeclaration of library function 'strcasecmp'
char strcasecmp ();
     ^
conftest.c:60:6: note: 'strcasecmp' is a builtin with type 'int (const char *, const char *)'
1 warning generated.
configure:12537: $? = 0
configure:12537: result: yes
configure:12537: checking for strtol
configure:12537: /spin/WikiCite/bibtex.js/emscripten/emcc -o conftest    conftest.c  >&5
configure:12537: $? = 0
configure:12537: result: yes
configure:12537: checking for strstr
configure:12537: /spin/WikiCite/bibtex.js/emscripten/emcc -o conftest    conftest.c  >&5
conftest.c:62:6: warning: incompatible redeclaration of library function 'strstr'
char strstr ();
     ^
conftest.c:62:6: note: 'strstr' is a builtin with type 'char *(const char *, const char *)'
1 warning generated.
configure:12537: $? = 0
configure:12537: result: yes
configure:12549: checking for bcmp
configure:12549: /spin/WikiCite/bibtex.js/emscripten/emcc -o conftest    conftest.c  >&5
configure:12549: $? = 0
configure:12549: result: yes
configure:12549: checking for bcopy
configure:12549: /spin/WikiCite/bibtex.js/emscripten/emcc -o conftest    conftest.c  >&5
configure:12549: $? = 0
configure:12549: result: yes
configure:12549: checking for bzero
configure:12549: /spin/WikiCite/bibtex.js/emscripten/emcc -o conftest    conftest.c  >&5
conftest.c:65:6: warning: incompatible redeclaration of library function 'bzero'
char bzero ();
     ^
conftest.c:65:6: note: 'bzero' is a builtin with type 'void (void *, unsigned int)'
1 warning generated.
configure:12549: $? = 0
configure:12549: result: yes
configure:12549: checking for getcwd
configure:12549: /spin/WikiCite/bibtex.js/emscripten/emcc -o conftest    conftest.c  >&5
configure:12549: $? = 0
configure:12549: result: yes
configure:12549: checking for getwd
configure:12549: /spin/WikiCite/bibtex.js/emscripten/emcc -o conftest    conftest.c  >&5
configure:12549: $? = 0
configure:12549: result: yes
configure:12549: checking for index
configure:12549: /spin/WikiCite/bibtex.js/emscripten/emcc -o conftest    conftest.c  >&5
conftest.c:68:6: warning: incompatible redeclaration of library function 'index'
char index ();
     ^
conftest.c:68:6: note: 'index' is a builtin with type 'char *(const char *, int)'
1 warning generated.
configure:12549: $? = 0
configure:12549: result: yes
configure:12549: checking for memcmp
configure:12549: /spin/WikiCite/bibtex.js/emscripten/emcc -o conftest    conftest.c  >&5
conftest.c:69:6: warning: incompatible redeclaration of library function 'memcmp'
char memcmp ();
     ^
conftest.c:69:6: note: 'memcmp' is a builtin with type 'int (const void *, const void *, unsigned int)'
1 warning generated.
configure:12549: $? = 0
configure:12549: result: yes
configure:12549: checking for memcpy
configure:12549: /spin/WikiCite/bibtex.js/emscripten/emcc -o conftest    conftest.c  >&5
conftest.c:70:6: warning: incompatible redeclaration of library function 'memcpy'
char memcpy ();
     ^
conftest.c:70:6: note: 'memcpy' is a builtin with type 'void *(void *, const void *, unsigned int)'
1 warning generated.
configure:12549: $? = 0
configure:12549: result: yes
configure:12549: checking for mkstemp
configure:12549: /spin/WikiCite/bibtex.js/emscripten/emcc -o conftest    conftest.c  >&5
configure:12549: $? = 0
configure:12549: result: yes
configure:12549: checking for mktemp
configure:12549: /spin/WikiCite/bibtex.js/emscripten/emcc -o conftest    conftest.c  >&5
configure:12549: $? = 0
configure:12549: result: yes
configure:12549: checking for rindex
configure:12549: /spin/WikiCite/bibtex.js/emscripten/emcc -o conftest    conftest.c  >&5
conftest.c:73:6: warning: incompatible redeclaration of library function 'rindex'
char rindex ();
     ^
conftest.c:73:6: note: 'rindex' is a builtin with type 'char *(const char *, int)'
1 warning generated.
configure:12549: $? = 0
configure:12549: result: yes
configure:12549: checking for strchr
configure:12549: /spin/WikiCite/bibtex.js/emscripten/emcc -o conftest    conftest.c  >&5
conftest.c:74:6: warning: incompatible redeclaration of library function 'strchr'
char strchr ();
     ^
conftest.c:74:6: note: 'strchr' is a builtin with type 'char *(const char *, int)'
1 warning generated.
configure:12549: $? = 0
configure:12549: result: yes
configure:12549: checking for strrchr
configure:12549: /spin/WikiCite/bibtex.js/emscripten/emcc -o conftest    conftest.c  >&5
conftest.c:75:6: warning: incompatible redeclaration of library function 'strrchr'
char strrchr ();
     ^
conftest.c:75:6: note: 'strrchr' is a builtin with type 'char *(const char *, int)'
1 warning generated.
configure:12549: $? = 0
configure:12549: result: yes
configure:12558: checking for an ANSI C-conforming const
configure:12624: /spin/WikiCite/bibtex.js/emscripten/emcc -c   conftest.c >&5
configure:12624: $? = 0
configure:12631: result: yes
configure:12639: checking for inline
configure:12655: /spin/WikiCite/bibtex.js/emscripten/emcc -c   conftest.c >&5
configure:12655: $? = 0
configure:12663: result: inline
configure:12681: checking for size_t
configure:12681: /spin/WikiCite/bibtex.js/emscripten/emcc -c   conftest.c >&5
configure:12681: $? = 0
configure:12681: /spin/WikiCite/bibtex.js/emscripten/emcc -c   conftest.c >&5
conftest.c:89:21: error: expected expression
if (sizeof ((size_t)))
                    ^
1 error generated.
configure:12681: $? = 1
configure: failed program was:
| /* confdefs.h */
| #define PACKAGE_NAME "Web2C Tools"
| #define PACKAGE_TARNAME "web2c-tools"
| #define PACKAGE_VERSION "7.5.7"
| #define PACKAGE_STRING "Web2C Tools 7.5.7"
| #define PACKAGE_BUGREPORT "tex-k@tug.org"
| #define PACKAGE_URL ""
| #define STDC_HEADERS 1
| #define HAVE_SYS_TYPES_H 1
| #define HAVE_SYS_STAT_H 1
| #define HAVE_STDLIB_H 1
| #define HAVE_STRING_H 1
| #define HAVE_MEMORY_H 1
| #define HAVE_STRINGS_H 1
| #define HAVE_INTTYPES_H 1
| #define HAVE_STDINT_H 1
| #define HAVE_UNISTD_H 1
| #define HAVE_DLFCN_H 1
| #define PACKAGE "web2c-tools"
| #define VERSION "7.5.7"
| #define LT_OBJDIR ".libs/"
| #define HAVE_FSEEKO 1
| #define HAVE_DIRENT_H 1
| #define STDC_HEADERS 1
| #define HAVE_ASSERT_H 1
| #define HAVE_FLOAT_H 1
| #define HAVE_LIMITS_H 1
| #define HAVE_MEMORY_H 1
| #define HAVE_PWD_H 1
| #define HAVE_STDLIB_H 1
| #define HAVE_STRING_H 1
| #define HAVE_STRINGS_H 1
| #define HAVE_SYS_PARAM_H 1
| #define HAVE_UNISTD_H 1
| #define HAVE_PUTENV 1
| #define HAVE_STRCASECMP 1
| #define HAVE_STRTOL 1
| #define HAVE_STRSTR 1
| #define HAVE_BCMP 1
| #define HAVE_BCOPY 1
| #define HAVE_BZERO 1
| #define HAVE_GETCWD 1
| #define HAVE_GETWD 1
| #define HAVE_INDEX 1
| #define HAVE_MEMCMP 1
| #define HAVE_MEMCPY 1
| #define HAVE_MKSTEMP 1
| #define HAVE_MKTEMP 1
| #define HAVE_RINDEX 1
| #define HAVE_STRCHR 1
| #define HAVE_STRRCHR 1
| /* end confdefs.h.  */
| #include <stdio.h>
| #ifdef HAVE_SYS_TYPES_H
| # include <sys/types.h>
| #endif
| #ifdef HAVE_SYS_STAT_H
| # include <sys/stat.h>
| #endif
| #ifdef STDC_HEADERS
| # include <stdlib.h>
| # include <stddef.h>
| #else
| # ifdef HAVE_STDLIB_H
| #  include <stdlib.h>
| # endif
| #endif
| #ifdef HAVE_STRING_H
| # if !defined STDC_HEADERS && defined HAVE_MEMORY_H
| #  include <memory.h>
| # endif
| # include <string.h>
| #endif
| #ifdef HAVE_STRINGS_H
| # include <strings.h>
| #endif
| #ifdef HAVE_INTTYPES_H
| # include <inttypes.h>
| #endif
| #ifdef HAVE_STDINT_H
| # include <stdint.h>
| #endif
| #ifdef HAVE_UNISTD_H
| # include <unistd.h>
| #endif
| int
| main ()
| {
| if (sizeof ((size_t)))
| 	    return 0;
|   ;
|   return 0;
| }
configure:12681: result: yes
configure:12692: checking for struct stat.st_mtim
configure:12692: /spin/WikiCite/bibtex.js/emscripten/emcc -c   conftest.c >&5
conftest.c:90:13: error: no member named 'st_mtim' in 'struct stat'; did you mean 'st_mtime'?
if (ac_aggr.st_mtim)
            ^~~~~~~
            st_mtime
/spin/WikiCite/bibtex.js/emscripten/system/include/libc/sys/stat.h:50:10: note: 'st_mtime' declared here
  time_t        st_mtime;
                ^
1 error generated.
configure:12692: $? = 1
configure: failed program was:
| /* confdefs.h */
| #define PACKAGE_NAME "Web2C Tools"
| #define PACKAGE_TARNAME "web2c-tools"
| #define PACKAGE_VERSION "7.5.7"
| #define PACKAGE_STRING "Web2C Tools 7.5.7"
| #define PACKAGE_BUGREPORT "tex-k@tug.org"
| #define PACKAGE_URL ""
| #define STDC_HEADERS 1
| #define HAVE_SYS_TYPES_H 1
| #define HAVE_SYS_STAT_H 1
| #define HAVE_STDLIB_H 1
| #define HAVE_STRING_H 1
| #define HAVE_MEMORY_H 1
| #define HAVE_STRINGS_H 1
| #define HAVE_INTTYPES_H 1
| #define HAVE_STDINT_H 1
| #define HAVE_UNISTD_H 1
| #define HAVE_DLFCN_H 1
| #define PACKAGE "web2c-tools"
| #define VERSION "7.5.7"
| #define LT_OBJDIR ".libs/"
| #define HAVE_FSEEKO 1
| #define HAVE_DIRENT_H 1
| #define STDC_HEADERS 1
| #define HAVE_ASSERT_H 1
| #define HAVE_FLOAT_H 1
| #define HAVE_LIMITS_H 1
| #define HAVE_MEMORY_H 1
| #define HAVE_PWD_H 1
| #define HAVE_STDLIB_H 1
| #define HAVE_STRING_H 1
| #define HAVE_STRINGS_H 1
| #define HAVE_SYS_PARAM_H 1
| #define HAVE_UNISTD_H 1
| #define HAVE_PUTENV 1
| #define HAVE_STRCASECMP 1
| #define HAVE_STRTOL 1
| #define HAVE_STRSTR 1
| #define HAVE_BCMP 1
| #define HAVE_BCOPY 1
| #define HAVE_BZERO 1
| #define HAVE_GETCWD 1
| #define HAVE_GETWD 1
| #define HAVE_INDEX 1
| #define HAVE_MEMCMP 1
| #define HAVE_MEMCPY 1
| #define HAVE_MKSTEMP 1
| #define HAVE_MKTEMP 1
| #define HAVE_RINDEX 1
| #define HAVE_STRCHR 1
| #define HAVE_STRRCHR 1
| /* end confdefs.h.  */
| #include <stdio.h>
| #ifdef HAVE_SYS_TYPES_H
| # include <sys/types.h>
| #endif
| #ifdef HAVE_SYS_STAT_H
| # include <sys/stat.h>
| #endif
| #ifdef STDC_HEADERS
| # include <stdlib.h>
| # include <stddef.h>
| #else
| # ifdef HAVE_STDLIB_H
| #  include <stdlib.h>
| # endif
| #endif
| #ifdef HAVE_STRING_H
| # if !defined STDC_HEADERS && defined HAVE_MEMORY_H
| #  include <memory.h>
| # endif
| # include <string.h>
| #endif
| #ifdef HAVE_STRINGS_H
| # include <strings.h>
| #endif
| #ifdef HAVE_INTTYPES_H
| # include <inttypes.h>
| #endif
| #ifdef HAVE_STDINT_H
| # include <stdint.h>
| #endif
| #ifdef HAVE_UNISTD_H
| # include <unistd.h>
| #endif
| int
| main ()
| {
| static struct stat ac_aggr;
| if (ac_aggr.st_mtim)
| return 0;
|   ;
|   return 0;
| }
configure:12692: /spin/WikiCite/bibtex.js/emscripten/emcc -c   conftest.c >&5
conftest.c:90:20: error: no member named 'st_mtim' in 'struct stat'; did you mean 'st_mtime'?
if (sizeof ac_aggr.st_mtim)
                   ^~~~~~~
                   st_mtime
/spin/WikiCite/bibtex.js/emscripten/system/include/libc/sys/stat.h:50:10: note: 'st_mtime' declared here
  time_t        st_mtime;
                ^
1 error generated.
configure:12692: $? = 1
configure: failed program was:
| /* confdefs.h */
| #define PACKAGE_NAME "Web2C Tools"
| #define PACKAGE_TARNAME "web2c-tools"
| #define PACKAGE_VERSION "7.5.7"
| #define PACKAGE_STRING "Web2C Tools 7.5.7"
| #define PACKAGE_BUGREPORT "tex-k@tug.org"
| #define PACKAGE_URL ""
| #define STDC_HEADERS 1
| #define HAVE_SYS_TYPES_H 1
| #define HAVE_SYS_STAT_H 1
| #define HAVE_STDLIB_H 1
| #define HAVE_STRING_H 1
| #define HAVE_MEMORY_H 1
| #define HAVE_STRINGS_H 1
| #define HAVE_INTTYPES_H 1
| #define HAVE_STDINT_H 1
| #define HAVE_UNISTD_H 1
| #define HAVE_DLFCN_H 1
| #define PACKAGE "web2c-tools"
| #define VERSION "7.5.7"
| #define LT_OBJDIR ".libs/"
| #define HAVE_FSEEKO 1
| #define HAVE_DIRENT_H 1
| #define STDC_HEADERS 1
| #define HAVE_ASSERT_H 1
| #define HAVE_FLOAT_H 1
| #define HAVE_LIMITS_H 1
| #define HAVE_MEMORY_H 1
| #define HAVE_PWD_H 1
| #define HAVE_STDLIB_H 1
| #define HAVE_STRING_H 1
| #define HAVE_STRINGS_H 1
| #define HAVE_SYS_PARAM_H 1
| #define HAVE_UNISTD_H 1
| #define HAVE_PUTENV 1
| #define HAVE_STRCASECMP 1
| #define HAVE_STRTOL 1
| #define HAVE_STRSTR 1
| #define HAVE_BCMP 1
| #define HAVE_BCOPY 1
| #define HAVE_BZERO 1
| #define HAVE_GETCWD 1
| #define HAVE_GETWD 1
| #define HAVE_INDEX 1
| #define HAVE_MEMCMP 1
| #define HAVE_MEMCPY 1
| #define HAVE_MKSTEMP 1
| #define HAVE_MKTEMP 1
| #define HAVE_RINDEX 1
| #define HAVE_STRCHR 1
| #define HAVE_STRRCHR 1
| /* end confdefs.h.  */
| #include <stdio.h>
| #ifdef HAVE_SYS_TYPES_H
| # include <sys/types.h>
| #endif
| #ifdef HAVE_SYS_STAT_H
| # include <sys/stat.h>
| #endif
| #ifdef STDC_HEADERS
| # include <stdlib.h>
| # include <stddef.h>
| #else
| # ifdef HAVE_STDLIB_H
| #  include <stdlib.h>
| # endif
| #endif
| #ifdef HAVE_STRING_H
| # if !defined STDC_HEADERS && defined HAVE_MEMORY_H
| #  include <memory.h>
| # endif
| # include <string.h>
| #endif
| #ifdef HAVE_STRINGS_H
| # include <strings.h>
| #endif
| #ifdef HAVE_INTTYPES_H
| # include <inttypes.h>
| #endif
| #ifdef HAVE_STDINT_H
| # include <stdint.h>
| #endif
| #ifdef HAVE_UNISTD_H
| # include <unistd.h>
| #endif
| int
| main ()
| {
| static struct stat ac_aggr;
| if (sizeof ac_aggr.st_mtim)
| return 0;
|   ;
|   return 0;
| }
configure:12692: result: no
configure:12702: checking whether the compiler accepts prototypes
configure:12718: /spin/WikiCite/bibtex.js/emscripten/emcc -o conftest    conftest.c  >&5
configure:12718: $? = 0
configure:12726: result: yes
configure:12731: checking what warning flags to pass to the C compiler
configure:12776: result: -Wimplicit -Wreturn-type -Wdeclaration-after-statement -Wno-unknown-pragmas
configure:12791: checking for bison
configure:12821: result: no
configure:12791: checking for byacc
configure:12821: result: no
configure:12834: checking for flex
configure:12864: result: no
configure:12834: checking for lex
configure:12864: result: no
configure:13003: checking size of int
configure:13008: /spin/WikiCite/bibtex.js/emscripten/emcc -o conftest    conftest.c  >&5
configure:13008: $? = 0
configure:13008: ./conftest
configure:13008: $? = 0
configure:13022: result: 4
configure:13034: checking for strerror
configure:13034: /spin/WikiCite/bibtex.js/emscripten/emcc -o conftest    conftest.c  >&5
conftest.c:77:6: warning: incompatible redeclaration of library function 'strerror'
char strerror ();
     ^
conftest.c:77:6: note: 'strerror' is a builtin with type 'char *(int)'
1 warning generated.
configure:13034: $? = 0
configure:13034: result: yes
configure:13045: checking errno.h usability
configure:13045: /spin/WikiCite/bibtex.js/emscripten/emcc -c   conftest.c >&5
configure:13045: $? = 0
configure:13045: result: yes
configure:13045: checking errno.h presence
configure:13045: /spin/WikiCite/bibtex.js/emscripten/emcc -E  conftest.c
configure:13045: $? = 0
configure:13045: result: yes
configure:13045: checking for errno.h
configure:13045: result: yes
configure:13171: checking that generated files are newer than configure
configure:13177: result: done
configure:13204: creating ./config.status

## ---------------------- ##
## Running config.status. ##
## ---------------------- ##

This file was extended by Web2C Tools config.status 7.5.7, which was
generated by GNU Autoconf 2.69.  Invocation command line was

  CONFIG_FILES    = 
  CONFIG_HEADERS  = 
  CONFIG_LINKS    = 
  CONFIG_COMMANDS = 
  $ ./config.status 

on chunk

config.status:1117: creating Makefile
config.status:1117: creating kpathsea/c-auto.h
config.status:1283: kpathsea/c-auto.h is unchanged
config.status:1331: executing depfiles commands
config.status:1331: executing libtool commands

## ---------------- ##
## Cache variables. ##
## ---------------- ##

ac_cv_build=x86_64-unknown-linux-gnu
ac_cv_c_compiler_gnu=yes
ac_cv_c_const=yes
ac_cv_c_inline=inline
ac_cv_env_CC_set=set
ac_cv_env_CC_value=/spin/WikiCite/bibtex.js/emscripten/emcc
ac_cv_env_CFLAGS_set=set
ac_cv_env_CFLAGS_value=
ac_cv_env_CPPFLAGS_set=
ac_cv_env_CPPFLAGS_value=
ac_cv_env_CPP_set=
ac_cv_env_CPP_value=
ac_cv_env_LDFLAGS_set=
ac_cv_env_LDFLAGS_value=
ac_cv_env_LIBS_set=
ac_cv_env_LIBS_value=
ac_cv_env_YACC_set=
ac_cv_env_YACC_value=
ac_cv_env_YFLAGS_set=
ac_cv_env_YFLAGS_value=
ac_cv_env_build_alias_set=
ac_cv_env_build_alias_value=
ac_cv_env_host_alias_set=
ac_cv_env_host_alias_value=
ac_cv_env_target_alias_set=
ac_cv_env_target_alias_value=
ac_cv_func_bcmp=yes
ac_cv_func_bcopy=yes
ac_cv_func_bzero=yes
ac_cv_func_closedir_void=no
ac_cv_func_getcwd=yes
ac_cv_func_getwd=yes
ac_cv_func_index=yes
ac_cv_func_memcmp=yes
ac_cv_func_memcpy=yes
ac_cv_func_mkstemp=yes
ac_cv_func_mktemp=yes
ac_cv_func_putenv=yes
ac_cv_func_rindex=yes
ac_cv_func_strcasecmp=yes
ac_cv_func_strchr=yes
ac_cv_func_strerror=yes
ac_cv_func_strrchr=yes
ac_cv_func_strstr=yes
ac_cv_func_strtol=yes
ac_cv_header_assert_h=yes
ac_cv_header_dirent_dirent_h=yes
ac_cv_header_dlfcn_h=yes
ac_cv_header_errno_h=yes
ac_cv_header_float_h=yes
ac_cv_header_inttypes_h=yes
ac_cv_header_limits_h=yes
ac_cv_header_memory_h=yes
ac_cv_header_pwd_h=yes
ac_cv_header_stdc=yes
ac_cv_header_stdint_h=yes
ac_cv_header_stdlib_h=yes
ac_cv_header_string_h=yes
ac_cv_header_strings_h=yes
ac_cv_header_sys_param_h=yes
ac_cv_header_sys_stat_h=yes
ac_cv_header_sys_types_h=yes
ac_cv_header_unistd_h=yes
ac_cv_host=x86_64-unknown-linux-gnu
ac_cv_member_struct_stat_st_mtim=no
ac_cv_objext=o
ac_cv_path_EGREP='/bin/grep -E'
ac_cv_path_FGREP='/bin/grep -F'
ac_cv_path_GREP=/bin/grep
ac_cv_path_SED=/bin/sed
ac_cv_path_install='/usr/bin/install -c'
ac_cv_path_mkdir=/bin/mkdir
ac_cv_prog_AWK=mawk
ac_cv_prog_CPP='/spin/WikiCite/bibtex.js/emscripten/emcc -E'
ac_cv_prog_ac_ct_CC=/spin/WikiCite/bibtex.js/emscripten/emcc
ac_cv_prog_ac_ct_MANIFEST_TOOL=mt
ac_cv_prog_ac_ct_OBJDUMP=objdump
ac_cv_prog_ac_ct_RANLIB=/spin/WikiCite/bibtex.js/emscripten/emranlib
ac_cv_prog_ac_ct_STRIP=strip
ac_cv_prog_cc_c89=
ac_cv_prog_cc_g=yes
ac_cv_prog_make_make_set=yes
ac_cv_search_opendir='none required'
ac_cv_sizeof_int=4
ac_cv_sys_file_offset_bits=unknown
ac_cv_sys_large_files=unknown
ac_cv_sys_largefile_CC=no
ac_cv_sys_largefile_source=no
ac_cv_type_size_t=yes
am_cv_CC_dependencies_compiler_type=gcc3
kb_cv_c_prototypes=yes
kpse_cv_warning_cflags='-Wimplicit -Wreturn-type -Wdeclaration-after-statement -Wno-unknown-pragmas'
lt_cv_ar_at_file=no
lt_cv_deplibs_check_method=pass_all
lt_cv_file_magic_cmd='$MAGIC_CMD'
lt_cv_file_magic_test_file=
lt_cv_ld_reload_flag=-r
lt_cv_nm_interface='BSD nm'
lt_cv_objdir=.libs
lt_cv_path_LD='/spin/WikiCite/bibtex.js/emscripten/emcc -m elf_i386'
lt_cv_path_NM='/usr/bin/nm -B'
lt_cv_path_mainfest_tool=no
lt_cv_prog_compiler_c_o=yes
lt_cv_prog_compiler_pic='-fPIC -DPIC'
lt_cv_prog_compiler_pic_works=yes
lt_cv_prog_compiler_rtti_exceptions=yes
lt_cv_prog_compiler_static_works=yes
lt_cv_prog_gnu_ld=no
lt_cv_sharedlib_from_linklib_cmd='printf %s\n'
lt_cv_shlibpath_overrides_runpath=no
lt_cv_sys_global_symbol_pipe='sed -n -e '\''s/^.*[	 ]\([ABCDGIRSTW][ABCDGIRSTW]*\)[	 ][	 ]*\([_A-Za-z][_A-Za-z0-9]*\)$/\1 \2 \2/p'\'' | sed '\''/ __gnu_lto/d'\'''
lt_cv_sys_global_symbol_to_c_name_address='sed -n -e '\''s/^: \([^ ]*\)[ ]*$/  {\"\1\", (void *) 0},/p'\'' -e '\''s/^[ABCDGIRSTW]* \([^ ]*\) \([^ ]*\)$/  {"\2", (void *) \&\2},/p'\'''
lt_cv_sys_global_symbol_to_c_name_address_lib_prefix='sed -n -e '\''s/^: \([^ ]*\)[ ]*$/  {\"\1\", (void *) 0},/p'\'' -e '\''s/^[ABCDGIRSTW]* \([^ ]*\) \(lib[^ ]*\)$/  {"\2", (void *) \&\2},/p'\'' -e '\''s/^[ABCDGIRSTW]* \([^ ]*\) \([^ ]*\)$/  {"lib\2", (void *) \&\2},/p'\'''
lt_cv_sys_global_symbol_to_cdecl='sed -n -e '\''s/^T .* \(.*\)$/extern int \1();/p'\'' -e '\''s/^[ABCDGIRSTW]* .* \(.*\)$/extern char \1;/p'\'''
lt_cv_sys_max_cmd_len=1635000
lt_cv_to_host_file_cmd=func_convert_file_noop
lt_cv_to_tool_file_cmd=func_convert_file_noop

## ----------------- ##
## Output variables. ##
## ----------------- ##

ACLOCAL='${SHELL} /spin/WikiCite/bibtex.js/src/build-aux/missing --run aclocal-1.12'
AMDEPBACKSLASH='\'
AMDEP_FALSE='#'
AMDEP_TRUE=''
AMTAR='$${TAR-tar}'
AR='/spin/WikiCite/bibtex.js/emscripten/emar'
AS='as'
AUTOCONF='${SHELL} /spin/WikiCite/bibtex.js/src/build-aux/missing --run autoconf'
AUTOHEADER='${SHELL} /spin/WikiCite/bibtex.js/src/build-aux/missing --run autoheader'
AUTOMAKE='${SHELL} /spin/WikiCite/bibtex.js/src/build-aux/missing --run automake-1.12'
AWK='mawk'
CC='/spin/WikiCite/bibtex.js/emscripten/emcc'
CCDEPMODE='depmode=gcc3'
CFLAGS=''
CPP='/spin/WikiCite/bibtex.js/emscripten/emcc -E'
CPPFLAGS=''
CYGPATH_W='echo'
DEFS='-DHAVE_CONFIG_H'
DEPDIR='.deps'
DLLTOOL='false'
DSYMUTIL=''
DUMPBIN=''
ECHO_C=''
ECHO_N='-n'
ECHO_T=''
EGREP='/bin/grep -E'
EXEEXT=''
FGREP='/bin/grep -F'
GREP='/bin/grep'
INSTALL_DATA='${INSTALL} -m 644'
INSTALL_PROGRAM='${INSTALL}'
INSTALL_SCRIPT='${INSTALL}'
INSTALL_STRIP_PROGRAM='$(install_sh) -c -s'
LD='/spin/WikiCite/bibtex.js/emscripten/emcc -m elf_i386 -m elf_i386'
LDFLAGS=''
LEX=':'
LEXLIB=''
LEX_OUTPUT_ROOT=''
LIBOBJS=''
LIBS=''
LIBTOOL='$(SHELL) $(top_builddir)/libtool'
LIPO=''
LN_S='ln -s'
LTLIBOBJS=''
MAINT='#'
MAINTAINER_MODE_FALSE=''
MAINTAINER_MODE_TRUE='#'
MAKEINFO='${SHELL} /spin/WikiCite/bibtex.js/src/build-aux/missing --run makeinfo'
MANIFEST_TOOL=':'
MKDIR_P='/bin/mkdir -p'
NM='/usr/bin/nm -B'
NMEDIT=''
OBJDUMP='objdump'
OBJEXT='o'
OTOOL64=''
OTOOL=''
PACKAGE='web2c-tools'
PACKAGE_BUGREPORT='tex-k@tug.org'
PACKAGE_NAME='Web2C Tools'
PACKAGE_STRING='Web2C Tools 7.5.7'
PACKAGE_TARNAME='web2c-tools'
PACKAGE_URL=''
PACKAGE_VERSION='7.5.7'
PATH_SEPARATOR=':'
RANLIB='/spin/WikiCite/bibtex.js/emscripten/emranlib'
SED='/bin/sed'
SET_MAKE=''
SHELL='/bin/bash'
STRIP='strip'
VERSION='7.5.7'
WARNING_CFLAGS='-Wimplicit -Wreturn-type -Wdeclaration-after-statement -Wno-unknown-pragmas'
YACC='yacc'
YFLAGS=''
ac_ct_AR=''
ac_ct_CC='/spin/WikiCite/bibtex.js/emscripten/emcc'
ac_ct_DUMPBIN=''
am__EXEEXT_FALSE=''
am__EXEEXT_TRUE='#'
am__fastdepCC_FALSE='#'
am__fastdepCC_TRUE=''
am__include='include'
am__isrc=' -I$(srcdir)'
am__leading_dot='.'
am__nodep='_no'
am__quote=''
am__tar='$${TAR-tar} chof - "$$tardir"'
am__untar='$${TAR-tar} xf -'
bindir='${exec_prefix}/bin'
build='x86_64-unknown-linux-gnu'
build_alias=''
build_cpu='x86_64'
build_os='linux-gnu'
build_vendor='unknown'
datadir='${datarootdir}'
datarootdir='${prefix}/share'
docdir='${datarootdir}/doc/${PACKAGE_TARNAME}'
dvidir='${docdir}'
exec_prefix='${prefix}'
host='x86_64-unknown-linux-gnu'
host_alias=''
host_cpu='x86_64'
host_os='linux-gnu'
host_vendor='unknown'
htmldir='${docdir}'
includedir='${prefix}/include'
infodir='${datarootdir}/info'
install_sh='${SHELL} /spin/WikiCite/bibtex.js/src/build-aux/install-sh'
libdir='${exec_prefix}/lib'
libexecdir='${exec_prefix}/libexec'
localedir='${datarootdir}/locale'
localstatedir='${prefix}/var'
mandir='${datarootdir}/man'
mkdir_p='/bin/mkdir -p'
oldincludedir='/usr/include'
pdfdir='${docdir}'
prefix='/usr/local'
program_transform_name='s,x,x,'
psdir='${docdir}'
sbindir='${exec_prefix}/sbin'
sharedstatedir='${prefix}/com'
sysconfdir='${prefix}/etc'
target_alias=''

## ----------- ##
## confdefs.h. ##
## ----------- ##

/* confdefs.h */
#define PACKAGE_NAME "Web2C Tools"
#define PACKAGE_TARNAME "web2c-tools"
#define PACKAGE_VERSION "7.5.7"
#define PACKAGE_STRING "Web2C Tools 7.5.7"
#define PACKAGE_BUGREPORT "tex-k@tug.org"
#define PACKAGE_URL ""
#define STDC_HEADERS 1
#define HAVE_SYS_TYPES_H 1
#define HAVE_SYS_STAT_H 1
#define HAVE_STDLIB_H 1
#define HAVE_STRING_H 1
#define HAVE_MEMORY_H 1
#define HAVE_STRINGS_H 1
#define HAVE_INTTYPES_H 1
#define HAVE_STDINT_H 1
#define HAVE_UNISTD_H 1
#define HAVE_DLFCN_H 1
#define PACKAGE "web2c-tools"
#define VERSION "7.5.7"
#define LT_OBJDIR ".libs/"
#define HAVE_FSEEKO 1
#define HAVE_DIRENT_H 1
#define STDC_HEADERS 1
#define HAVE_ASSERT_H 1
#define HAVE_FLOAT_H 1
#define HAVE_LIMITS_H 1
#define HAVE_MEMORY_H 1
#define HAVE_PWD_H 1
#define HAVE_STDLIB_H 1
#define HAVE_STRING_H 1
#define HAVE_STRINGS_H 1
#define HAVE_SYS_PARAM_H 1
#define HAVE_UNISTD_H 1
#define HAVE_PUTENV 1
#define HAVE_STRCASECMP 1
#define HAVE_STRTOL 1
#define HAVE_STRSTR 1
#define HAVE_BCMP 1
#define HAVE_BCOPY 1
#define HAVE_BZERO 1
#define HAVE_GETCWD 1
#define HAVE_GETWD 1
#define HAVE_INDEX 1
#define HAVE_MEMCMP 1
#define HAVE_MEMCPY 1
#define HAVE_MKSTEMP 1
#define HAVE_MKTEMP 1
#define HAVE_RINDEX 1
#define HAVE_STRCHR 1
#define HAVE_STRRCHR 1
#define SIZEOF_INT 4
#define HAVE_STRERROR 1
#define HAVE_ERRNO_H 1

configure: exit 0
